2025-04-21 15:57:16 - API accessed: prepare
Request data: {"email":"customernew@gmail.com","phone":"+94 94 712 641756","service_id":"5","timestamp":1745243836811}
2025-04-21 15:57:27 - API accessed: prepare
Request data: {"email":"customernew@gmail.com","phone":"+94 94 712 641756","service_id":"5","timestamp":1745243847234}
2025-04-21 15:57:38 - API accessed: test
Request data: []
2025-04-21 15:57:48 - API accessed: prepare
Request data: {"email":"customernew@gmail.com","phone":"+94 94 711 235174","service_id":"5","timestamp":1745243868090}
2025-04-21 15:58:24 - API accessed: test
Request data: []
2025-04-21 15:58:33 - API accessed: test
Request data: []
2025-04-21 16:00:25 - API accessed: prepare
Request data: {"email":"customernew@gmail.com","phone":"+94 94 947 126417","service_id":"5","timestamp":1745244025465}
2025-04-21 16:00:33 - API accessed: test
Request data: []
2025-04-21 16:00:35 - API accessed: prepare
Request data: {"email":"customernew@gmail.com","phone":"+94 94 947 126417","service_id":"5","timestamp":1745244035825}
2025-04-21 16:17:11 - API accessed: prepare
Request data: {"email":"customernew@gmail.com","phone":"+94711235174","service_id":"5","timestamp":1745245031305}
Payment data to insert: {"service_id":"5","amount":2420,"payment_date":"2025-04-21 16:17:12","invoice_number":"INV-20250421-3596","payment_method":"payhere","status":"pending","created_at":"2025-04-21 16:17:12","updated_at":"2025-04-21 16:17:12"}
2025-04-21 16:23:46 - API accessed: prepare
Request data: {"email":"customernew@gmail.com","phone":"+94712641756","service_id":"5","timestamp":1745245426026}
Payment data to insert: {"service_id":"5","amount":2420,"payment_date":"2025-04-21 16:23:46","invoice_number":"INV-20250421-3273","payment_method":"payhere","status":"pending","created_at":"2025-04-21 16:23:46","updated_at":"2025-04-21 16:23:46"}
2025-04-21 16:24:28 - API accessed: test
Request data: []
2025-04-21 16:24:33 - API accessed: prepare
Request data: {"email":"customernew@gmail.com","phone":"+94712641756","service_id":"5","timestamp":1745245473675}
Payment data to insert: {"service_id":"5","amount":2420,"payment_date":"2025-04-21 16:24:34","invoice_number":"INV-20250421-6677","payment_method":"payhere","status":"pending","created_at":"2025-04-21 16:24:34","updated_at":"2025-04-21 16:24:34"}
2025-04-21 16:32:45 - API accessed: prepare
Request data: {"email":"customernew@gmail.com","phone":"+94712641756","service_id":"5","timestamp":1745245965723}
Payment data to insert: {"service_id":"5","amount":2420,"payment_date":"2025-04-21 16:32:46","invoice_number":"INV-20250421-9506","created_at":"2025-04-21 16:32:46"}
2025-04-21 16:40:34 - API accessed: prepare
Request data: {"email":"customernew@gmail.com","phone":"+94 712641756","service_id":"5","timestamp":1745246434890}
Payment data to insert: {"service_id":"5","amount":2420,"payment_date":"2025-04-21 16:40:35","invoice_number":"INV-20250421-1202","created_at":"2025-04-21 16:40:35"}
2025-04-21 16:41:02 - API accessed: prepare
Request data: {"email":"customernew@gmail.com","phone":"+94 773333444","service_id":"5","timestamp":1745246462138}
Payment data to insert: {"service_id":"5","amount":2420,"payment_date":"2025-04-21 16:41:03","invoice_number":"INV-20250421-5984","created_at":"2025-04-21 16:41:03"}
2025-04-21 16:45:03 - API accessed: prepare
Request data: {"email":"customernew@gmail.com","phone":"+94 082132134","service_id":"5","timestamp":1745246703778}
Payment data to insert: {"service_id":"5","amount":2420,"payment_date":"2025-04-21 16:45:04","invoice_number":"INV-20250421-7961","created_at":"2025-04-21 16:45:04"}
2025-04-21 16:45:22 - API accessed: prepare
Request data: {"email":"customernew@gmail.com","phone":"+94 082132134","service_id":"5","timestamp":1745246722601}
Payment data to insert: {"service_id":"5","amount":2420,"payment_date":"2025-04-21 16:45:23","invoice_number":"INV-20250421-2813","created_at":"2025-04-21 16:45:23"}
2025-04-21 16:53:25 - API accessed: prepare
Request data: {"email":"customernew@gmail.com","phone":"+94 082132134","service_id":"5","timestamp":1745247205962}
Payment data to insert: {"service_id":"5","amount":2420,"payment_date":"2025-04-21 16:53:26","invoice_number":"INV-20250421-7661","created_at":"2025-04-21 16:53:26"}
2025-04-21 16:59:37 - API accessed: prepare
Request data: {"email":"customernew@gmail.com","phone":"+94 711234567","service_id":"5","timestamp":1745247577018}
Payment data to insert: {"service_id":"5","amount":2420,"payment_date":"2025-04-21 16:59:37","invoice_number":"INV-20250421-8428","created_at":"2025-04-21 16:59:37"}
2025-04-21 17:19:03 - API accessed: prepare
Request data: {"email":"customernew@gmail.com","phone":"+94 711234567","service_id":"5","timestamp":1745248743362}
2025-04-21 17:20:50 - API accessed: prepare
Request data: {"email":"customernew@gmail.com","phone":"+94 712641756","service_id":"5","timestamp":1745248850434}
2025-04-21 17:30:54 - API accessed: prepare
Request data: {"email":"customernew@gmail.com","phone":"+94 082132134","service_id":"5","timestamp":1745249454896}
2025-04-21 17:31:21 - API accessed: prepare
Request data: {"email":"customernew@gmail.com","phone":"+94 722649819","service_id":"5","timestamp":1745249481761}
2025-04-21 17:31:33 - API accessed: prepare
Request data: {"email":"customernew@gmail.com","phone":"+94 722649819","service_id":"5","timestamp":1745249493569}
2025-04-21 17:33:59 - API accessed: prepare
Request data: {"email":"customernew@gmail.com","phone":"+94 722649819","service_id":"5","timestamp":1745249639145}
